* using log directory 'C:/Users/Max/Documents/GitHub/Phenotype-Simulations/Genetic Algorithms/GeneticAlgorithms.Rcheck'
* using R version 3.5.1 (2018-07-02)
* using platform: x86_64-w64-mingw32 (64-bit)
* using session charset: ISO8859-1
* using options '--no-manual --as-cran'
* checking for file 'GeneticAlgorithms/DESCRIPTION' ... OK
* checking extension type ... Package
* this is package 'GeneticAlgorithms' version '0.1.0'
* package encoding: UTF-8
* checking package namespace information ... OK
* checking package dependencies ... OK
* checking if this is a source package ... OK
* checking if there is a namespace ... OK
* checking for executable files ... OK
* checking for hidden files and directories ... OK
* checking for portable file names ... OK
* checking serialization versions ... OK
* checking whether package 'GeneticAlgorithms' can be installed ... OK
* checking installed package size ... OK
* checking package directory ... OK
* checking DESCRIPTION meta-information ... WARNING
Non-standard license specification:
  NA
Standardizable: FALSE
* checking top-level files ... OK
* checking for left-over files ... OK
* checking index information ... OK
* checking package subdirectories ... OK
* checking R files for non-ASCII characters ... OK
* checking R files for syntax errors ... OK
* checking whether the package can be loaded ... OK
* checking whether the package can be loaded with stated dependencies ... OK
* checking whether the package can be unloaded cleanly ... OK
* checking whether the namespace can be loaded with stated dependencies ... OK
* checking whether the namespace can be unloaded cleanly ... OK
* checking loading without being on the library search path ... OK
* checking dependencies in R code ... OK
* checking S3 generic/method consistency ... OK
* checking replacement functions ... OK
* checking foreign function calls ... OK
* checking R code for possible problems ... NOTE
geneticPopulation: no visible global function definition for 'ggplot'
geneticPopulation: no visible global function definition for
  'geom_line'
geneticPopulation: no visible global function definition for 'aes'
geneticPopulation: no visible binding for global variable 'timestep'
geneticPopulation: no visible binding for global variable 'avgFit'
geneticPopulation: no visible binding for global variable 'speciesNum'
geneticPopulation: no visible global function definition for 'theme'
geneticPopulation: no visible global function definition for
  'geom_point'
geneticPopulation: no visible binding for global variable 'var1'
geneticPopulation: no visible binding for global variable 'var2'
geneticPopulation: no visible global function definition for
  'geom_contour'
geneticPopulation: no visible binding for global variable 'Var1'
geneticPopulation: no visible binding for global variable 'Var2'
geneticSpecies: no visible global function definition for 'mutate'
geneticSpecies: no visible binding for global variable 'var1'
geneticSpecies: no visible binding for global variable 'var2'
geneticSpecies: no visible global function definition for 'ggplot'
geneticSpecies: no visible global function definition for 'geom_line'
geneticSpecies: no visible global function definition for 'aes'
geneticSpecies: no visible binding for global variable 'timestep'
geneticSpecies: no visible binding for global variable 'avgFit'
geneticSpecies: no visible binding for global variable 'minFit'
geneticSpecies: no visible binding for global variable 'maxFit'
Undefined global functions or variables:
  Var1 Var2 aes avgFit geom_contour geom_line geom_point ggplot maxFit
  minFit mutate speciesNum theme timestep var1 var2
* checking Rd files ... OK
* checking Rd metadata ... OK
* checking Rd line widths ... OK
* checking Rd cross-references ... OK
* checking for missing documentation entries ... OK
* checking for code/documentation mismatches ... OK
* checking Rd \usage sections ... WARNING
Undocumented arguments in documentation object 'geneticPopulation'
  'plot'

Undocumented arguments in documentation object 'geneticSpecies'
  'gens' 'creation' 'return'

Functions with \usage entries need to have the appropriate \alias
entries, and all their arguments documented.
The \usage entries must correspond to syntactically valid R code.
See chapter 'Writing R documentation files' in the 'Writing R
Extensions' manual.
* checking Rd contents ... OK
* checking for unstated dependencies in examples ... OK
* checking examples ... NONE
* DONE
Status: 2 WARNINGs, 1 NOTE
